{"uid":"c4360e361ebc708c","name":"checkRunNodeSix","fullName":"tests.LoginTest.checkRunNodeSix","historyId":"3f5d6e472301a6b96cbf6a10e5f556af","time":{"start":1753848796218,"stop":1753848825836,"duration":29618},"status":"failed","statusMessage":"Element not found {by text: Sign Wallet & Continue}\nExpected: visible\nScreenshot: file:/home/runner/work/MonadScore/MonadScore/build/reports/tests/1753848825449.2.png\nPage source: file:/home/runner/work/MonadScore/MonadScore/build/reports/tests/1753848825449.2.html\nTimeout: 15 s.\nCaused by: NoSuchElementException: no such element: Unable to locate element: {\"method\":\"xpath\",\"selector\":\".//*/text()[normalize-space(translate(string(.), '","statusTrace":"Element not found {by text: Sign Wallet & Continue}\nExpected: visible\nScreenshot: file:/home/runner/work/MonadScore/MonadScore/build/reports/tests/1753848825449.2.png\nPage source: file:/home/runner/work/MonadScore/MonadScore/build/reports/tests/1753848825449.2.html\nTimeout: 15 s.\nCaused by: NoSuchElementException: no such element: Unable to locate element: {\"method\":\"xpath\",\"selector\":\".//*/text()[normalize-space(translate(string(.), '\n\tat com.codeborne.selenide.impl.WebElementSource.createElementNotFoundError(WebElementSource.java:89)\n\tat com.codeborne.selenide.impl.ElementFinder.createElementNotFoundError(ElementFinder.java:129)\n\tat com.codeborne.selenide.impl.WebElementSource.handleError(WebElementSource.java:140)\n\tat com.codeborne.selenide.impl.WebElementSource.checkConditionAndReturnElement(WebElementSource.java:123)\n\tat com.codeborne.selenide.impl.WebElementSource.checkCondition(WebElementSource.java:99)\n\tat com.codeborne.selenide.commands.Should.execute(Should.java:24)\n\tat com.codeborne.selenide.FluentCommand.execute(FluentCommand.java:27)\n\tat com.codeborne.selenide.FluentCommand.execute(FluentCommand.java:19)\n\tat com.codeborne.selenide.commands.Commands.execute(Commands.java:160)\n\tat com.codeborne.selenide.impl.SelenideElementProxy.dispatchAndRetry(SelenideElementProxy.java:131)\n\tat com.codeborne.selenide.impl.SelenideElementProxy.invoke(SelenideElementProxy.java:83)\n\tat jdk.proxy2/jdk.proxy2.$Proxy28.shouldBe(Unknown Source)\n\tat pages.LoginPage.connectWallet(LoginPage.java:54)\n\tat tests.LoginTest.checkRunNodeSix(LoginTest.java:155)\n\tat java.base/jdk.internal.reflect.NativeMethodAccessorImpl.invoke0(Native Method)\n\tat java.base/jdk.internal.reflect.NativeMethodAccessorImpl.invoke(NativeMethodAccessorImpl.java:77)\n\tat java.base/jdk.internal.reflect.DelegatingMethodAccessorImpl.invoke(DelegatingMethodAccessorImpl.java:43)\n\tat java.base/java.lang.reflect.Method.invoke(Method.java:569)\n\tat org.testng.internal.invokers.MethodInvocationHelper.invokeMethod(MethodInvocationHelper.java:141)\n\tat org.testng.internal.invokers.TestInvoker.invokeMethod(TestInvoker.java:687)\n\tat org.testng.internal.invokers.TestInvoker.invokeTestMethod(TestInvoker.java:230)\n\tat org.testng.internal.invokers.MethodRunner.runInSequence(MethodRunner.java:63)\n\tat org.testng.internal.invokers.TestInvoker$MethodInvocationAgent.invoke(TestInvoker.java:995)\n\tat org.testng.internal.invokers.TestInvoker.invokeTestMethods(TestInvoker.java:203)\n\tat org.testng.internal.invokers.TestMethodWorker.invokeTestMethods(TestMethodWorker.java:154)\n\tat org.testng.internal.invokers.TestMethodWorker.run(TestMethodWorker.java:134)\n\tat java.base/java.util.ArrayList.forEach(ArrayList.java:1511)\n\tat org.testng.TestRunner.privateRun(TestRunner.java:741)\n\tat org.testng.TestRunner.run(TestRunner.java:616)\n\tat org.testng.SuiteRunner.runTest(SuiteRunner.java:421)\n\tat org.testng.SuiteRunner.runSequentially(SuiteRunner.java:413)\n\tat org.testng.SuiteRunner.privateRun(SuiteRunner.java:373)\n\tat org.testng.SuiteRunner.run(SuiteRunner.java:312)\n\tat org.testng.SuiteRunnerWorker.runSuite(SuiteRunnerWorker.java:52)\n\tat org.testng.SuiteRunnerWorker.run(SuiteRunnerWorker.java:95)\n\tat org.testng.TestNG.runSuitesSequentially(TestNG.java:1274)\n\tat org.testng.TestNG.runSuitesLocally(TestNG.java:1208)\n\tat org.testng.TestNG.runSuites(TestNG.java:1112)\n\tat org.testng.TestNG.run(TestNG.java:1079)\n\tat org.apache.maven.surefire.testng.TestNGExecutor.run(TestNGExecutor.java:155)\n\tat org.apache.maven.surefire.testng.TestNGDirectoryTestSuite.executeMulti(TestNGDirectoryTestSuite.java:169)\n\tat org.apache.maven.surefire.testng.TestNGDirectoryTestSuite.execute(TestNGDirectoryTestSuite.java:88)\n\tat org.apache.maven.surefire.testng.TestNGProvider.invoke(TestNGProvider.java:137)\n\tat org.apache.maven.surefire.booter.ForkedBooter.runSuitesInProcess(ForkedBooter.java:385)\n\tat org.apache.maven.surefire.booter.ForkedBooter.execute(ForkedBooter.java:162)\n\tat org.apache.maven.surefire.booter.ForkedBooter.run(ForkedBooter.java:507)\n\tat org.apache.maven.surefire.booter.ForkedBooter.main(ForkedBooter.java:495)\nCaused by: org.openqa.selenium.NoSuchElementException: no such element: Unable to locate element: {\"method\":\"xpath\",\"selector\":\".//*/text()[normalize-space(translate(string(.), '\t\n\r             ​‌‍  ⁠　', '                       ')) = \"Sign Wallet & Continue\"]/parent::*\"}\n  (Session info: chrome=138.0.7204.157)\nFor documentation on this error, please visit: https://www.selenium.dev/documentation/webdriver/troubleshooting/errors#no-such-element-exception\nBuild info: version: '4.33.0', revision: '2c6aaad03a'\nSystem info: os.name: 'Linux', os.arch: 'amd64', os.version: '6.11.0-1018-azure', java.version: '17.0.16'\nDriver info: org.openqa.selenium.chrome.ChromeDriver\nCommand: [7820173c5f1e6f3f1a8518f38c402708, findElement {using=xpath, value=.//*/text()[normalize-space(translate(string(.), '\t\n\r             ​‌‍  ⁠　', '                       ')) = \"Sign Wallet & Continue\"]/parent::*}]\nCapabilities {acceptInsecureCerts: true, browserName: chrome, browserVersion: 138.0.7204.157, chrome: {chromedriverVersion: 138.0.7204.157 (e533e98b126..., userDataDir: /tmp/.org.chromium.Chromium...}, fedcm:accounts: true, goog:chromeOptions: {debuggerAddress: localhost:43525}, networkConnectionEnabled: false, pageLoadStrategy: normal, platformName: linux, proxy: Proxy(), se:cdp: ws://localhost:43525/devtoo..., se:cdpVersion: 138.0.7204.157, setWindowRect: true, strictFileInteractability: false, timeouts: {implicit: 0, pageLoad: 300000, script: 30000}, unhandledPromptBehavior: accept, webauthn:extension:credBlob: true, webauthn:extension:largeBlob: true, webauthn:extension:minPinLength: true, webauthn:extension:prf: true, webauthn:virtualAuthenticators: true}\nSession ID: 7820173c5f1e6f3f1a8518f38c402708\n\tat jdk.internal.reflect.GeneratedConstructorAccessor17.newInstance(Unknown Source)\n\tat java.base/jdk.internal.reflect.DelegatingConstructorAccessorImpl.newInstance(DelegatingConstructorAccessorImpl.java:45)\n\tat java.base/java.lang.reflect.Constructor.newInstanceWithCaller(Constructor.java:500)\n\tat java.base/java.lang.reflect.Constructor.newInstance(Constructor.java:481)\n\tat org.openqa.selenium.remote.ErrorCodec.decode(ErrorCodec.java:167)\n\tat org.openqa.selenium.remote.codec.w3c.W3CHttpResponseCodec.decode(W3CHttpResponseCodec.java:138)\n\tat org.openqa.selenium.remote.codec.w3c.W3CHttpResponseCodec.decode(W3CHttpResponseCodec.java:50)\n\tat org.openqa.selenium.remote.HttpCommandExecutor.execute(HttpCommandExecutor.java:215)\n\tat org.openqa.selenium.remote.service.DriverCommandExecutor.invokeExecute(DriverCommandExecutor.java:216)\n\tat org.openqa.selenium.remote.service.DriverCommandExecutor.execute(DriverCommandExecutor.java:174)\n\tat org.openqa.selenium.remote.RemoteWebDriver.execute(RemoteWebDriver.java:544)\n\tat org.openqa.selenium.remote.ElementLocation$ElementFinder$2.findElement(ElementLocation.java:165)\n\tat org.openqa.selenium.remote.ElementLocation.findElement(ElementLocation.java:59)\n\tat org.openqa.selenium.remote.RemoteWebDriver.findElement(RemoteWebDriver.java:367)\n\tat org.openqa.selenium.remote.RemoteWebDriver.findElement(RemoteWebDriver.java:361)\n\tat com.codeborne.selenide.impl.WebElementSelector.findElement(WebElementSelector.java:67)\n\tat com.codeborne.selenide.impl.WebElementSelector.findElement(WebElementSelector.java:38)\n\tat com.codeborne.selenide.impl.WebElementSelector.findElement(WebElementSelector.java:29)\n\tat com.codeborne.selenide.impl.ElementFinder.getWebElement(ElementFinder.java:113)\n\tat com.codeborne.selenide.impl.WebElementSource.checkConditionAndReturnElement(WebElementSource.java:112)\n\t... 43 more\n","flaky":true,"newFailed":true,"newBroken":false,"newPassed":false,"retriesCount":0,"retriesStatusChange":false,"beforeStages":[{"name":"setup","time":{"start":1753848796215,"stop":1753848796216,"duration":1},"description":"","status":"passed","steps":[],"attachments":[],"parameters":[],"shouldDisplayMessage":false,"stepsCount":0,"attachmentsCount":0,"hasContent":false,"attachmentStep":false}],"testStage":{"status":"failed","statusMessage":"Element not found {by text: Sign Wallet & Continue}\nExpected: visible\nScreenshot: file:/home/runner/work/MonadScore/MonadScore/build/reports/tests/1753848825449.2.png\nPage source: file:/home/runner/work/MonadScore/MonadScore/build/reports/tests/1753848825449.2.html\nTimeout: 15 s.\nCaused by: NoSuchElementException: no such element: Unable to locate element: {\"method\":\"xpath\",\"selector\":\".//*/text()[normalize-space(translate(string(.), '","statusTrace":"Element not found {by text: Sign Wallet & Continue}\nExpected: visible\nScreenshot: file:/home/runner/work/MonadScore/MonadScore/build/reports/tests/1753848825449.2.png\nPage source: file:/home/runner/work/MonadScore/MonadScore/build/reports/tests/1753848825449.2.html\nTimeout: 15 s.\nCaused by: NoSuchElementException: no such element: Unable to locate element: {\"method\":\"xpath\",\"selector\":\".//*/text()[normalize-space(translate(string(.), '\n\tat com.codeborne.selenide.impl.WebElementSource.createElementNotFoundError(WebElementSource.java:89)\n\tat com.codeborne.selenide.impl.ElementFinder.createElementNotFoundError(ElementFinder.java:129)\n\tat com.codeborne.selenide.impl.WebElementSource.handleError(WebElementSource.java:140)\n\tat com.codeborne.selenide.impl.WebElementSource.checkConditionAndReturnElement(WebElementSource.java:123)\n\tat com.codeborne.selenide.impl.WebElementSource.checkCondition(WebElementSource.java:99)\n\tat com.codeborne.selenide.commands.Should.execute(Should.java:24)\n\tat com.codeborne.selenide.FluentCommand.execute(FluentCommand.java:27)\n\tat com.codeborne.selenide.FluentCommand.execute(FluentCommand.java:19)\n\tat com.codeborne.selenide.commands.Commands.execute(Commands.java:160)\n\tat com.codeborne.selenide.impl.SelenideElementProxy.dispatchAndRetry(SelenideElementProxy.java:131)\n\tat com.codeborne.selenide.impl.SelenideElementProxy.invoke(SelenideElementProxy.java:83)\n\tat jdk.proxy2/jdk.proxy2.$Proxy28.shouldBe(Unknown Source)\n\tat pages.LoginPage.connectWallet(LoginPage.java:54)\n\tat tests.LoginTest.checkRunNodeSix(LoginTest.java:155)\n\tat java.base/jdk.internal.reflect.NativeMethodAccessorImpl.invoke0(Native Method)\n\tat java.base/jdk.internal.reflect.NativeMethodAccessorImpl.invoke(NativeMethodAccessorImpl.java:77)\n\tat java.base/jdk.internal.reflect.DelegatingMethodAccessorImpl.invoke(DelegatingMethodAccessorImpl.java:43)\n\tat java.base/java.lang.reflect.Method.invoke(Method.java:569)\n\tat org.testng.internal.invokers.MethodInvocationHelper.invokeMethod(MethodInvocationHelper.java:141)\n\tat org.testng.internal.invokers.TestInvoker.invokeMethod(TestInvoker.java:687)\n\tat org.testng.internal.invokers.TestInvoker.invokeTestMethod(TestInvoker.java:230)\n\tat org.testng.internal.invokers.MethodRunner.runInSequence(MethodRunner.java:63)\n\tat org.testng.internal.invokers.TestInvoker$MethodInvocationAgent.invoke(TestInvoker.java:995)\n\tat org.testng.internal.invokers.TestInvoker.invokeTestMethods(TestInvoker.java:203)\n\tat org.testng.internal.invokers.TestMethodWorker.invokeTestMethods(TestMethodWorker.java:154)\n\tat org.testng.internal.invokers.TestMethodWorker.run(TestMethodWorker.java:134)\n\tat java.base/java.util.ArrayList.forEach(ArrayList.java:1511)\n\tat org.testng.TestRunner.privateRun(TestRunner.java:741)\n\tat org.testng.TestRunner.run(TestRunner.java:616)\n\tat org.testng.SuiteRunner.runTest(SuiteRunner.java:421)\n\tat org.testng.SuiteRunner.runSequentially(SuiteRunner.java:413)\n\tat org.testng.SuiteRunner.privateRun(SuiteRunner.java:373)\n\tat org.testng.SuiteRunner.run(SuiteRunner.java:312)\n\tat org.testng.SuiteRunnerWorker.runSuite(SuiteRunnerWorker.java:52)\n\tat org.testng.SuiteRunnerWorker.run(SuiteRunnerWorker.java:95)\n\tat org.testng.TestNG.runSuitesSequentially(TestNG.java:1274)\n\tat org.testng.TestNG.runSuitesLocally(TestNG.java:1208)\n\tat org.testng.TestNG.runSuites(TestNG.java:1112)\n\tat org.testng.TestNG.run(TestNG.java:1079)\n\tat org.apache.maven.surefire.testng.TestNGExecutor.run(TestNGExecutor.java:155)\n\tat org.apache.maven.surefire.testng.TestNGDirectoryTestSuite.executeMulti(TestNGDirectoryTestSuite.java:169)\n\tat org.apache.maven.surefire.testng.TestNGDirectoryTestSuite.execute(TestNGDirectoryTestSuite.java:88)\n\tat org.apache.maven.surefire.testng.TestNGProvider.invoke(TestNGProvider.java:137)\n\tat org.apache.maven.surefire.booter.ForkedBooter.runSuitesInProcess(ForkedBooter.java:385)\n\tat org.apache.maven.surefire.booter.ForkedBooter.execute(ForkedBooter.java:162)\n\tat org.apache.maven.surefire.booter.ForkedBooter.run(ForkedBooter.java:507)\n\tat org.apache.maven.surefire.booter.ForkedBooter.main(ForkedBooter.java:495)\nCaused by: org.openqa.selenium.NoSuchElementException: no such element: Unable to locate element: {\"method\":\"xpath\",\"selector\":\".//*/text()[normalize-space(translate(string(.), '\t\n\r             ​‌‍  ⁠　', '                       ')) = \"Sign Wallet & Continue\"]/parent::*\"}\n  (Session info: chrome=138.0.7204.157)\nFor documentation on this error, please visit: https://www.selenium.dev/documentation/webdriver/troubleshooting/errors#no-such-element-exception\nBuild info: version: '4.33.0', revision: '2c6aaad03a'\nSystem info: os.name: 'Linux', os.arch: 'amd64', os.version: '6.11.0-1018-azure', java.version: '17.0.16'\nDriver info: org.openqa.selenium.chrome.ChromeDriver\nCommand: [7820173c5f1e6f3f1a8518f38c402708, findElement {using=xpath, value=.//*/text()[normalize-space(translate(string(.), '\t\n\r             ​‌‍  ⁠　', '                       ')) = \"Sign Wallet & Continue\"]/parent::*}]\nCapabilities {acceptInsecureCerts: true, browserName: chrome, browserVersion: 138.0.7204.157, chrome: {chromedriverVersion: 138.0.7204.157 (e533e98b126..., userDataDir: /tmp/.org.chromium.Chromium...}, fedcm:accounts: true, goog:chromeOptions: {debuggerAddress: localhost:43525}, networkConnectionEnabled: false, pageLoadStrategy: normal, platformName: linux, proxy: Proxy(), se:cdp: ws://localhost:43525/devtoo..., se:cdpVersion: 138.0.7204.157, setWindowRect: true, strictFileInteractability: false, timeouts: {implicit: 0, pageLoad: 300000, script: 30000}, unhandledPromptBehavior: accept, webauthn:extension:credBlob: true, webauthn:extension:largeBlob: true, webauthn:extension:minPinLength: true, webauthn:extension:prf: true, webauthn:virtualAuthenticators: true}\nSession ID: 7820173c5f1e6f3f1a8518f38c402708\n\tat jdk.internal.reflect.GeneratedConstructorAccessor17.newInstance(Unknown Source)\n\tat java.base/jdk.internal.reflect.DelegatingConstructorAccessorImpl.newInstance(DelegatingConstructorAccessorImpl.java:45)\n\tat java.base/java.lang.reflect.Constructor.newInstanceWithCaller(Constructor.java:500)\n\tat java.base/java.lang.reflect.Constructor.newInstance(Constructor.java:481)\n\tat org.openqa.selenium.remote.ErrorCodec.decode(ErrorCodec.java:167)\n\tat org.openqa.selenium.remote.codec.w3c.W3CHttpResponseCodec.decode(W3CHttpResponseCodec.java:138)\n\tat org.openqa.selenium.remote.codec.w3c.W3CHttpResponseCodec.decode(W3CHttpResponseCodec.java:50)\n\tat org.openqa.selenium.remote.HttpCommandExecutor.execute(HttpCommandExecutor.java:215)\n\tat org.openqa.selenium.remote.service.DriverCommandExecutor.invokeExecute(DriverCommandExecutor.java:216)\n\tat org.openqa.selenium.remote.service.DriverCommandExecutor.execute(DriverCommandExecutor.java:174)\n\tat org.openqa.selenium.remote.RemoteWebDriver.execute(RemoteWebDriver.java:544)\n\tat org.openqa.selenium.remote.ElementLocation$ElementFinder$2.findElement(ElementLocation.java:165)\n\tat org.openqa.selenium.remote.ElementLocation.findElement(ElementLocation.java:59)\n\tat org.openqa.selenium.remote.RemoteWebDriver.findElement(RemoteWebDriver.java:367)\n\tat org.openqa.selenium.remote.RemoteWebDriver.findElement(RemoteWebDriver.java:361)\n\tat com.codeborne.selenide.impl.WebElementSelector.findElement(WebElementSelector.java:67)\n\tat com.codeborne.selenide.impl.WebElementSelector.findElement(WebElementSelector.java:38)\n\tat com.codeborne.selenide.impl.WebElementSelector.findElement(WebElementSelector.java:29)\n\tat com.codeborne.selenide.impl.ElementFinder.getWebElement(ElementFinder.java:113)\n\tat com.codeborne.selenide.impl.WebElementSource.checkConditionAndReturnElement(WebElementSource.java:112)\n\t... 43 more\n","steps":[{"name":"$(\"open\") chrome-extension://hhgnmnncjfnbbnnkincfcbnhhjagcana/home.html#onboarding/login","time":{"start":1753848796218,"stop":1753848796778,"duration":560},"status":"passed","steps":[{"name":"$(\"webdriver\") create()","time":{"start":1753848796219,"stop":1753848796739,"duration":520},"status":"passed","steps":[],"attachments":[],"parameters":[],"shouldDisplayMessage":false,"stepsCount":0,"attachmentsCount":0,"hasContent":false,"attachmentStep":false}],"attachments":[],"parameters":[],"shouldDisplayMessage":false,"stepsCount":1,"attachmentsCount":0,"hasContent":true,"attachmentStep":false},{"name":"$(\"[type='email']\") should be(visible)","time":{"start":1753848796779,"stop":1753848799542,"duration":2763},"status":"passed","steps":[],"attachments":[],"parameters":[],"shouldDisplayMessage":false,"stepsCount":0,"attachmentsCount":0,"hasContent":false,"attachmentStep":false},{"name":"$(\"[type='email']\") set value(nike.root.2025@gmail.com)","time":{"start":1753848799938,"stop":1753848800049,"duration":111},"status":"passed","steps":[],"attachments":[],"parameters":[],"shouldDisplayMessage":false,"stepsCount":0,"attachmentsCount":0,"hasContent":false,"attachmentStep":false},{"name":"$(\"[type='password']\") set value(kN0po4ka!))","time":{"start":1753848800049,"stop":1753848800131,"duration":82},"status":"passed","steps":[],"attachments":[],"parameters":[],"shouldDisplayMessage":false,"stepsCount":0,"attachmentsCount":0,"hasContent":false,"attachmentStep":false},{"name":"$(\"by text: CONTINUE\") click()","time":{"start":1753848800132,"stop":1753848800200,"duration":68},"status":"passed","steps":[],"attachments":[],"parameters":[],"shouldDisplayMessage":false,"stepsCount":0,"attachmentsCount":0,"hasContent":false,"attachmentStep":false},{"name":"$(\"by text: Create Pin Code\") should be(visible)","time":{"start":1753848800201,"stop":1753848803222,"duration":3021},"status":"passed","steps":[],"attachments":[],"parameters":[],"shouldDisplayMessage":false,"stepsCount":0,"attachmentsCount":0,"hasContent":false,"attachmentStep":false},{"name":"$(\"[placeholder='Your Pin Code']\") set value(123qwe12!))","time":{"start":1753848803222,"stop":1753848803314,"duration":92},"status":"passed","steps":[],"attachments":[],"parameters":[],"shouldDisplayMessage":false,"stepsCount":0,"attachmentsCount":0,"hasContent":false,"attachmentStep":false},{"name":"$(\"[placeholder='Confirm Pin Code']\") set value(123qwe12!))","time":{"start":1753848803314,"stop":1753848803399,"duration":85},"status":"passed","steps":[],"attachments":[],"parameters":[],"shouldDisplayMessage":false,"stepsCount":0,"attachmentsCount":0,"hasContent":false,"attachmentStep":false},{"name":"$(\"by text: Continue\") click()","time":{"start":1753848803399,"stop":1753848803481,"duration":82},"status":"passed","steps":[],"attachments":[],"parameters":[],"shouldDisplayMessage":false,"stepsCount":0,"attachmentsCount":0,"hasContent":false,"attachmentStep":false},{"name":"$(\"[type='checkbox']\") should be(visible)","time":{"start":1753848803481,"stop":1753848803520,"duration":39},"status":"passed","steps":[],"attachments":[],"parameters":[],"shouldDisplayMessage":false,"stepsCount":0,"attachmentsCount":0,"hasContent":false,"attachmentStep":false},{"name":"$(\"[type='checkbox']\") click()","time":{"start":1753848803520,"stop":1753848803585,"duration":65},"status":"passed","steps":[],"attachments":[],"parameters":[],"shouldDisplayMessage":false,"stepsCount":0,"attachmentsCount":0,"hasContent":false,"attachmentStep":false},{"name":"$(\"by text: Import Existing Wallet\") click()","time":{"start":1753848803585,"stop":1753848803655,"duration":70},"status":"passed","steps":[],"attachments":[],"parameters":[],"shouldDisplayMessage":false,"stepsCount":0,"attachmentsCount":0,"hasContent":false,"attachmentStep":false},{"name":"$(\"by text: Recover Wallet\") should be(visible)","time":{"start":1753848803655,"stop":1753848803670,"duration":15},"status":"passed","steps":[],"attachments":[],"parameters":[],"shouldDisplayMessage":false,"stepsCount":0,"attachmentsCount":0,"hasContent":false,"attachmentStep":false},{"name":"$(\"by text: I have a 24-word recovery phrase\") click()","time":{"start":1753848803670,"stop":1753848803735,"duration":65},"status":"passed","steps":[],"attachments":[],"parameters":[],"shouldDisplayMessage":false,"stepsCount":0,"attachmentsCount":0,"hasContent":false,"attachmentStep":false},{"name":"$(\"by text: I have a 24-word recovery phrase\") should not be(visible)","time":{"start":1753848803735,"stop":1753848803750,"duration":15},"status":"passed","steps":[],"attachments":[],"parameters":[],"shouldDisplayMessage":false,"stepsCount":0,"attachmentsCount":0,"hasContent":false,"attachmentStep":false},{"name":"$(\"By.xpath: //div[(starts-with(text(), 'Import an existing'))]/following::div//div//input[0]\") set value(vital)","time":{"start":1753848803761,"stop":1753848803840,"duration":79},"status":"passed","steps":[],"attachments":[],"parameters":[],"shouldDisplayMessage":false,"stepsCount":0,"attachmentsCount":0,"hasContent":false,"attachmentStep":false},{"name":"$(\"By.xpath: //div[(starts-with(text(), 'Import an existing'))]/following::div//div//input[1]\") set value(skate)","time":{"start":1753848803847,"stop":1753848803920,"duration":73},"status":"passed","steps":[],"attachments":[],"parameters":[],"shouldDisplayMessage":false,"stepsCount":0,"attachmentsCount":0,"hasContent":false,"attachmentStep":false},{"name":"$(\"By.xpath: //div[(starts-with(text(), 'Import an existing'))]/following::div//div//input[2]\") set value(speed)","time":{"start":1753848803928,"stop":1753848804002,"duration":74},"status":"passed","steps":[],"attachments":[],"parameters":[],"shouldDisplayMessage":false,"stepsCount":0,"attachmentsCount":0,"hasContent":false,"attachmentStep":false},{"name":"$(\"By.xpath: //div[(starts-with(text(), 'Import an existing'))]/following::div//div//input[3]\") set value(service)","time":{"start":1753848804010,"stop":1753848804087,"duration":77},"status":"passed","steps":[],"attachments":[],"parameters":[],"shouldDisplayMessage":false,"stepsCount":0,"attachmentsCount":0,"hasContent":false,"attachmentStep":false},{"name":"$(\"By.xpath: //div[(starts-with(text(), 'Import an existing'))]/following::div//div//input[4]\") set value(click)","time":{"start":1753848804096,"stop":1753848804170,"duration":74},"status":"passed","steps":[],"attachments":[],"parameters":[],"shouldDisplayMessage":false,"stepsCount":0,"attachmentsCount":0,"hasContent":false,"attachmentStep":false},{"name":"$(\"By.xpath: //div[(starts-with(text(), 'Import an existing'))]/following::div//div//input[5]\") set value(infant)","time":{"start":1753848804178,"stop":1753848804253,"duration":75},"status":"passed","steps":[],"attachments":[],"parameters":[],"shouldDisplayMessage":false,"stepsCount":0,"attachmentsCount":0,"hasContent":false,"attachmentStep":false},{"name":"$(\"By.xpath: //div[(starts-with(text(), 'Import an existing'))]/following::div//div//input[6]\") set value(tent)","time":{"start":1753848804260,"stop":1753848804340,"duration":80},"status":"passed","steps":[],"attachments":[],"parameters":[],"shouldDisplayMessage":false,"stepsCount":0,"attachmentsCount":0,"hasContent":false,"attachmentStep":false},{"name":"$(\"By.xpath: //div[(starts-with(text(), 'Import an existing'))]/following::div//div//input[7]\") set value(surround)","time":{"start":1753848804347,"stop":1753848804432,"duration":85},"status":"passed","steps":[],"attachments":[],"parameters":[],"shouldDisplayMessage":false,"stepsCount":0,"attachmentsCount":0,"hasContent":false,"attachmentStep":false},{"name":"$(\"By.xpath: //div[(starts-with(text(), 'Import an existing'))]/following::div//div//input[8]\") set value(dune)","time":{"start":1753848804440,"stop":1753848804513,"duration":73},"status":"passed","steps":[],"attachments":[],"parameters":[],"shouldDisplayMessage":false,"stepsCount":0,"attachmentsCount":0,"hasContent":false,"attachmentStep":false},{"name":"$(\"By.xpath: //div[(starts-with(text(), 'Import an existing'))]/following::div//div//input[9]\") set value(enhance)","time":{"start":1753848804519,"stop":1753848804596,"duration":77},"status":"passed","steps":[],"attachments":[],"parameters":[],"shouldDisplayMessage":false,"stepsCount":0,"attachmentsCount":0,"hasContent":false,"attachmentStep":false},{"name":"$(\"By.xpath: //div[(starts-with(text(), 'Import an existing'))]/following::div//div//input[10]\") set value(merit)","time":{"start":1753848804603,"stop":1753848804677,"duration":74},"status":"passed","steps":[],"attachments":[],"parameters":[],"shouldDisplayMessage":false,"stepsCount":0,"attachmentsCount":0,"hasContent":false,"attachmentStep":false},{"name":"$(\"By.xpath: //div[(starts-with(text(), 'Import an existing'))]/following::div//div//input[11]\") set value(decorate)","time":{"start":1753848804686,"stop":1753848804765,"duration":79},"status":"passed","steps":[],"attachments":[],"parameters":[],"shouldDisplayMessage":false,"stepsCount":0,"attachmentsCount":0,"hasContent":false,"attachmentStep":false},{"name":"$(\"By.xpath: //div[(starts-with(text(), 'Import an existing'))]/following::div//div//input[12]\") set value(crime)","time":{"start":1753848804773,"stop":1753848804848,"duration":75},"status":"passed","steps":[],"attachments":[],"parameters":[],"shouldDisplayMessage":false,"stepsCount":0,"attachmentsCount":0,"hasContent":false,"attachmentStep":false},{"name":"$(\"By.xpath: //div[(starts-with(text(), 'Import an existing'))]/following::div//div//input[13]\") set value(purpose)","time":{"start":1753848804855,"stop":1753848804932,"duration":77},"status":"passed","steps":[],"attachments":[],"parameters":[],"shouldDisplayMessage":false,"stepsCount":0,"attachmentsCount":0,"hasContent":false,"attachmentStep":false},{"name":"$(\"By.xpath: //div[(starts-with(text(), 'Import an existing'))]/following::div//div//input[14]\") set value(regular)","time":{"start":1753848804939,"stop":1753848805020,"duration":81},"status":"passed","steps":[],"attachments":[],"parameters":[],"shouldDisplayMessage":false,"stepsCount":0,"attachmentsCount":0,"hasContent":false,"attachmentStep":false},{"name":"$(\"By.xpath: //div[(starts-with(text(), 'Import an existing'))]/following::div//div//input[15]\") set value(husband)","time":{"start":1753848805030,"stop":1753848805106,"duration":76},"status":"passed","steps":[],"attachments":[],"parameters":[],"shouldDisplayMessage":false,"stepsCount":0,"attachmentsCount":0,"hasContent":false,"attachmentStep":false},{"name":"$(\"By.xpath: //div[(starts-with(text(), 'Import an existing'))]/following::div//div//input[16]\") set value(swing)","time":{"start":1753848805114,"stop":1753848805188,"duration":74},"status":"passed","steps":[],"attachments":[],"parameters":[],"shouldDisplayMessage":false,"stepsCount":0,"attachmentsCount":0,"hasContent":false,"attachmentStep":false},{"name":"$(\"By.xpath: //div[(starts-with(text(), 'Import an existing'))]/following::div//div//input[17]\") set value(side)","time":{"start":1753848805195,"stop":1753848805267,"duration":72},"status":"passed","steps":[],"attachments":[],"parameters":[],"shouldDisplayMessage":false,"stepsCount":0,"attachmentsCount":0,"hasContent":false,"attachmentStep":false},{"name":"$(\"By.xpath: //div[(starts-with(text(), 'Import an existing'))]/following::div//div//input[18]\") set value(drop)","time":{"start":1753848805274,"stop":1753848805350,"duration":76},"status":"passed","steps":[],"attachments":[],"parameters":[],"shouldDisplayMessage":false,"stepsCount":0,"attachmentsCount":0,"hasContent":false,"attachmentStep":false},{"name":"$(\"By.xpath: //div[(starts-with(text(), 'Import an existing'))]/following::div//div//input[19]\") set value(aunt)","time":{"start":1753848805360,"stop":1753848805434,"duration":74},"status":"passed","steps":[],"attachments":[],"parameters":[],"shouldDisplayMessage":false,"stepsCount":0,"attachmentsCount":0,"hasContent":false,"attachmentStep":false},{"name":"$(\"By.xpath: //div[(starts-with(text(), 'Import an existing'))]/following::div//div//input[20]\") set value(update)","time":{"start":1753848805441,"stop":1753848805517,"duration":76},"status":"passed","steps":[],"attachments":[],"parameters":[],"shouldDisplayMessage":false,"stepsCount":0,"attachmentsCount":0,"hasContent":false,"attachmentStep":false},{"name":"$(\"By.xpath: //div[(starts-with(text(), 'Import an existing'))]/following::div//div//input[21]\") set value(fragile)","time":{"start":1753848805524,"stop":1753848805601,"duration":77},"status":"passed","steps":[],"attachments":[],"parameters":[],"shouldDisplayMessage":false,"stepsCount":0,"attachmentsCount":0,"hasContent":false,"attachmentStep":false},{"name":"$(\"By.xpath: //div[(starts-with(text(), 'Import an existing'))]/following::div//div//input[22]\") set value(repeat)","time":{"start":1753848805608,"stop":1753848805691,"duration":83},"status":"passed","steps":[],"attachments":[],"parameters":[],"shouldDisplayMessage":false,"stepsCount":0,"attachmentsCount":0,"hasContent":false,"attachmentStep":false},{"name":"$(\"By.xpath: //div[(starts-with(text(), 'Import an existing'))]/following::div//div//input[23]\") set value(choice)","time":{"start":1753848805698,"stop":1753848805777,"duration":79},"status":"passed","steps":[],"attachments":[],"parameters":[],"shouldDisplayMessage":false,"stepsCount":0,"attachmentsCount":0,"hasContent":false,"attachmentStep":false},{"name":"$(\"by text: Continue\") click()","time":{"start":1753848805785,"stop":1753848805842,"duration":57},"status":"passed","steps":[],"attachments":[],"parameters":[],"shouldDisplayMessage":false,"stepsCount":0,"attachmentsCount":0,"hasContent":false,"attachmentStep":false},{"name":"$(\"by text: Start Using Wallet\") should be(visible)","time":{"start":1753848805843,"stop":1753848806082,"duration":239},"status":"passed","steps":[],"attachments":[],"parameters":[],"shouldDisplayMessage":false,"stepsCount":0,"attachmentsCount":0,"hasContent":false,"attachmentStep":false},{"name":"$(\"by text: Start Using Wallet\") click()","time":{"start":1753848806082,"stop":1753848806211,"duration":129},"status":"passed","steps":[],"attachments":[],"parameters":[],"shouldDisplayMessage":false,"stepsCount":0,"attachmentsCount":0,"hasContent":false,"attachmentStep":false},{"name":"$(\"open\") https://dashboard.monadscore.xyz","time":{"start":1753848806211,"stop":1753848807018,"duration":807},"status":"passed","steps":[],"attachments":[],"parameters":[],"shouldDisplayMessage":false,"stepsCount":0,"attachmentsCount":0,"hasContent":false,"attachmentStep":false},{"name":"$(\"by text: Connect Wallet\") should be(visible)","time":{"start":1753848807018,"stop":1753848807151,"duration":133},"status":"passed","steps":[],"attachments":[],"parameters":[],"shouldDisplayMessage":false,"stepsCount":0,"attachmentsCount":0,"hasContent":false,"attachmentStep":false},{"name":"$(\"by text: Connect Wallet\") click()","time":{"start":1753848807151,"stop":1753848807311,"duration":160},"status":"passed","steps":[],"attachments":[],"parameters":[],"shouldDisplayMessage":false,"stepsCount":0,"attachmentsCount":0,"hasContent":false,"attachmentStep":false},{"name":"$(\"[aria-label='Close']\") should be(visible)","time":{"start":1753848807311,"stop":1753848807589,"duration":278},"status":"passed","steps":[],"attachments":[],"parameters":[],"shouldDisplayMessage":false,"stepsCount":0,"attachmentsCount":0,"hasContent":false,"attachmentStep":false},{"name":"$(\"by text: HaHa Wallet\") should be(visible)","time":{"start":1753848807589,"stop":1753848807605,"duration":16},"status":"passed","steps":[],"attachments":[],"parameters":[],"shouldDisplayMessage":false,"stepsCount":0,"attachmentsCount":0,"hasContent":false,"attachmentStep":false},{"name":"$(\"by text: HaHa Wallet\") click()","time":{"start":1753848807605,"stop":1753848807685,"duration":80},"status":"passed","steps":[],"attachments":[],"parameters":[],"shouldDisplayMessage":false,"stepsCount":0,"attachmentsCount":0,"hasContent":false,"attachmentStep":false},{"name":"$(\"by text: Accept\") should be(visible)","time":{"start":1753848809745,"stop":1753848810170,"duration":425},"status":"passed","steps":[],"attachments":[],"parameters":[],"shouldDisplayMessage":false,"stepsCount":0,"attachmentsCount":0,"hasContent":false,"attachmentStep":false},{"name":"$(\"by text: Accept\") click()","time":{"start":1753848810170,"stop":1753848810240,"duration":70},"status":"passed","steps":[],"attachments":[],"parameters":[],"shouldDisplayMessage":false,"stepsCount":0,"attachmentsCount":0,"hasContent":false,"attachmentStep":false},{"name":"$(\"by text: Accept\") should not be(visible)","time":{"start":1753848810240,"stop":1753848810307,"duration":67},"status":"passed","steps":[],"attachments":[],"parameters":[],"shouldDisplayMessage":false,"stepsCount":0,"attachmentsCount":0,"hasContent":false,"attachmentStep":false},{"name":"$(\"by text: Sign Wallet & Continue\") should be(visible)","time":{"start":1753848810365,"stop":1753848825836,"duration":15471},"status":"failed","statusMessage":"Element not found {by text: Sign Wallet & Continue}\nExpected: visible\nScreenshot: file:/home/runner/work/MonadScore/MonadScore/build/reports/tests/1753848825449.2.png\nPage source: file:/home/runner/work/MonadScore/MonadScore/build/reports/tests/1753848825449.2.html\nTimeout: 15 s.\nCaused by: NoSuchElementException: no such element: Unable to locate element: {\"method\":\"xpath\",\"selector\":\".//*/text()[normalize-space(translate(string(.), '","statusTrace":"Element not found {by text: Sign Wallet & Continue}\nExpected: visible\nScreenshot: file:/home/runner/work/MonadScore/MonadScore/build/reports/tests/1753848825449.2.png\nPage source: file:/home/runner/work/MonadScore/MonadScore/build/reports/tests/1753848825449.2.html\nTimeout: 15 s.\nCaused by: NoSuchElementException: no such element: Unable to locate element: {\"method\":\"xpath\",\"selector\":\".//*/text()[normalize-space(translate(string(.), '\n\tat com.codeborne.selenide.impl.WebElementSource.createElementNotFoundError(WebElementSource.java:89)\n\tat com.codeborne.selenide.impl.ElementFinder.createElementNotFoundError(ElementFinder.java:129)\n\tat com.codeborne.selenide.impl.WebElementSource.handleError(WebElementSource.java:140)\n\tat com.codeborne.selenide.impl.WebElementSource.checkConditionAndReturnElement(WebElementSource.java:123)\n\tat com.codeborne.selenide.impl.WebElementSource.checkCondition(WebElementSource.java:99)\n\tat com.codeborne.selenide.commands.Should.execute(Should.java:24)\n\tat com.codeborne.selenide.FluentCommand.execute(FluentCommand.java:27)\n\tat com.codeborne.selenide.FluentCommand.execute(FluentCommand.java:19)\n\tat com.codeborne.selenide.commands.Commands.execute(Commands.java:160)\n\tat com.codeborne.selenide.impl.SelenideElementProxy.dispatchAndRetry(SelenideElementProxy.java:131)\n\tat com.codeborne.selenide.impl.SelenideElementProxy.invoke(SelenideElementProxy.java:83)\n\tat jdk.proxy2/jdk.proxy2.$Proxy28.shouldBe(Unknown Source)\n\tat pages.LoginPage.connectWallet(LoginPage.java:54)\n\tat tests.LoginTest.checkRunNodeSix(LoginTest.java:155)\n\tat java.base/jdk.internal.reflect.NativeMethodAccessorImpl.invoke0(Native Method)\n\tat java.base/jdk.internal.reflect.NativeMethodAccessorImpl.invoke(NativeMethodAccessorImpl.java:77)\n\tat java.base/jdk.internal.reflect.DelegatingMethodAccessorImpl.invoke(DelegatingMethodAccessorImpl.java:43)\n\tat java.base/java.lang.reflect.Method.invoke(Method.java:569)\n\tat org.testng.internal.invokers.MethodInvocationHelper.invokeMethod(MethodInvocationHelper.java:141)\n\tat org.testng.internal.invokers.TestInvoker.invokeMethod(TestInvoker.java:687)\n\tat org.testng.internal.invokers.TestInvoker.invokeTestMethod(TestInvoker.java:230)\n\tat org.testng.internal.invokers.MethodRunner.runInSequence(MethodRunner.java:63)\n\tat org.testng.internal.invokers.TestInvoker$MethodInvocationAgent.invoke(TestInvoker.java:995)\n\tat org.testng.internal.invokers.TestInvoker.invokeTestMethods(TestInvoker.java:203)\n\tat org.testng.internal.invokers.TestMethodWorker.invokeTestMethods(TestMethodWorker.java:154)\n\tat org.testng.internal.invokers.TestMethodWorker.run(TestMethodWorker.java:134)\n\tat java.base/java.util.ArrayList.forEach(ArrayList.java:1511)\n\tat org.testng.TestRunner.privateRun(TestRunner.java:741)\n\tat org.testng.TestRunner.run(TestRunner.java:616)\n\tat org.testng.SuiteRunner.runTest(SuiteRunner.java:421)\n\tat org.testng.SuiteRunner.runSequentially(SuiteRunner.java:413)\n\tat org.testng.SuiteRunner.privateRun(SuiteRunner.java:373)\n\tat org.testng.SuiteRunner.run(SuiteRunner.java:312)\n\tat org.testng.SuiteRunnerWorker.runSuite(SuiteRunnerWorker.java:52)\n\tat org.testng.SuiteRunnerWorker.run(SuiteRunnerWorker.java:95)\n\tat org.testng.TestNG.runSuitesSequentially(TestNG.java:1274)\n\tat org.testng.TestNG.runSuitesLocally(TestNG.java:1208)\n\tat org.testng.TestNG.runSuites(TestNG.java:1112)\n\tat org.testng.TestNG.run(TestNG.java:1079)\n\tat org.apache.maven.surefire.testng.TestNGExecutor.run(TestNGExecutor.java:155)\n\tat org.apache.maven.surefire.testng.TestNGDirectoryTestSuite.executeMulti(TestNGDirectoryTestSuite.java:169)\n\tat org.apache.maven.surefire.testng.TestNGDirectoryTestSuite.execute(TestNGDirectoryTestSuite.java:88)\n\tat org.apache.maven.surefire.testng.TestNGProvider.invoke(TestNGProvider.java:137)\n\tat org.apache.maven.surefire.booter.ForkedBooter.runSuitesInProcess(ForkedBooter.java:385)\n\tat org.apache.maven.surefire.booter.ForkedBooter.execute(ForkedBooter.java:162)\n\tat org.apache.maven.surefire.booter.ForkedBooter.run(ForkedBooter.java:507)\n\tat org.apache.maven.surefire.booter.ForkedBooter.main(ForkedBooter.java:495)\nCaused by: org.openqa.selenium.NoSuchElementException: no such element: Unable to locate element: {\"method\":\"xpath\",\"selector\":\".//*/text()[normalize-space(translate(string(.), '\t\n\r             ​‌‍  ⁠　', '                       ')) = \"Sign Wallet & Continue\"]/parent::*\"}\n  (Session info: chrome=138.0.7204.157)\nFor documentation on this error, please visit: https://www.selenium.dev/documentation/webdriver/troubleshooting/errors#no-such-element-exception\nBuild info: version: '4.33.0', revision: '2c6aaad03a'\nSystem info: os.name: 'Linux', os.arch: 'amd64', os.version: '6.11.0-1018-azure', java.version: '17.0.16'\nDriver info: org.openqa.selenium.chrome.ChromeDriver\nCommand: [7820173c5f1e6f3f1a8518f38c402708, findElement {using=xpath, value=.//*/text()[normalize-space(translate(string(.), '\t\n\r             ​‌‍  ⁠　', '                       ')) = \"Sign Wallet & Continue\"]/parent::*}]\nCapabilities {acceptInsecureCerts: true, browserName: chrome, browserVersion: 138.0.7204.157, chrome: {chromedriverVersion: 138.0.7204.157 (e533e98b126..., userDataDir: /tmp/.org.chromium.Chromium...}, fedcm:accounts: true, goog:chromeOptions: {debuggerAddress: localhost:43525}, networkConnectionEnabled: false, pageLoadStrategy: normal, platformName: linux, proxy: Proxy(), se:cdp: ws://localhost:43525/devtoo..., se:cdpVersion: 138.0.7204.157, setWindowRect: true, strictFileInteractability: false, timeouts: {implicit: 0, pageLoad: 300000, script: 30000}, unhandledPromptBehavior: accept, webauthn:extension:credBlob: true, webauthn:extension:largeBlob: true, webauthn:extension:minPinLength: true, webauthn:extension:prf: true, webauthn:virtualAuthenticators: true}\nSession ID: 7820173c5f1e6f3f1a8518f38c402708\n\tat jdk.internal.reflect.GeneratedConstructorAccessor17.newInstance(Unknown Source)\n\tat java.base/jdk.internal.reflect.DelegatingConstructorAccessorImpl.newInstance(DelegatingConstructorAccessorImpl.java:45)\n\tat java.base/java.lang.reflect.Constructor.newInstanceWithCaller(Constructor.java:500)\n\tat java.base/java.lang.reflect.Constructor.newInstance(Constructor.java:481)\n\tat org.openqa.selenium.remote.ErrorCodec.decode(ErrorCodec.java:167)\n\tat org.openqa.selenium.remote.codec.w3c.W3CHttpResponseCodec.decode(W3CHttpResponseCodec.java:138)\n\tat org.openqa.selenium.remote.codec.w3c.W3CHttpResponseCodec.decode(W3CHttpResponseCodec.java:50)\n\tat org.openqa.selenium.remote.HttpCommandExecutor.execute(HttpCommandExecutor.java:215)\n\tat org.openqa.selenium.remote.service.DriverCommandExecutor.invokeExecute(DriverCommandExecutor.java:216)\n\tat org.openqa.selenium.remote.service.DriverCommandExecutor.execute(DriverCommandExecutor.java:174)\n\tat org.openqa.selenium.remote.RemoteWebDriver.execute(RemoteWebDriver.java:544)\n\tat org.openqa.selenium.remote.ElementLocation$ElementFinder$2.findElement(ElementLocation.java:165)\n\tat org.openqa.selenium.remote.ElementLocation.findElement(ElementLocation.java:59)\n\tat org.openqa.selenium.remote.RemoteWebDriver.findElement(RemoteWebDriver.java:367)\n\tat org.openqa.selenium.remote.RemoteWebDriver.findElement(RemoteWebDriver.java:361)\n\tat com.codeborne.selenide.impl.WebElementSelector.findElement(WebElementSelector.java:67)\n\tat com.codeborne.selenide.impl.WebElementSelector.findElement(WebElementSelector.java:38)\n\tat com.codeborne.selenide.impl.WebElementSelector.findElement(WebElementSelector.java:29)\n\tat com.codeborne.selenide.impl.ElementFinder.getWebElement(ElementFinder.java:113)\n\tat com.codeborne.selenide.impl.WebElementSource.checkConditionAndReturnElement(WebElementSource.java:112)\n\t... 43 more\n","steps":[],"attachments":[{"uid":"3295e4dfe942f352","name":"Screenshot","source":"3295e4dfe942f352.png","type":"image/png","size":319512}],"parameters":[],"shouldDisplayMessage":true,"stepsCount":0,"attachmentsCount":1,"hasContent":true,"attachmentStep":false}],"attachments":[],"parameters":[],"shouldDisplayMessage":false,"stepsCount":53,"attachmentsCount":1,"hasContent":true,"attachmentStep":false},"afterStages":[{"name":"TearDawn","time":{"start":1753848825839,"stop":1753848825931,"duration":92},"description":"","status":"passed","steps":[],"attachments":[],"parameters":[],"shouldDisplayMessage":false,"stepsCount":0,"attachmentsCount":0,"hasContent":false,"attachmentStep":false}],"labels":[{"name":"package","value":"tests.LoginTest"},{"name":"testClass","value":"tests.LoginTest"},{"name":"testMethod","value":"checkRunNodeSix"},{"name":"parentSuite","value":"Surefire suite"},{"name":"suite","value":"Surefire test"},{"name":"subSuite","value":"tests.LoginTest"},{"name":"host","value":"pkrvmpptgkbjq6m"},{"name":"thread","value":"4600@pkrvmpptgkbjq6m.main(1)"},{"name":"framework","value":"testng"},{"name":"language","value":"java"},{"name":"resultFormat","value":"allure2"}],"parameters":[],"links":[],"hidden":false,"retry":false,"extra":{"severity":"normal","retries":[],"categories":[{"name":"Product defects","matchedStatuses":[],"flaky":false}],"history":{"statistic":{"failed":3,"broken":0,"skipped":0,"passed":1,"unknown":0,"total":4},"items":[{"uid":"e0431cca2e87e320","reportUrl":"https://Aloshya-QA.github.io/MonadScore/10//#testresult/e0431cca2e87e320","status":"passed","time":{"start":1753763051709,"stop":1753763073385,"duration":21676}},{"uid":"17ea8e10eb630026","reportUrl":"https://Aloshya-QA.github.io/MonadScore/9//#testresult/17ea8e10eb630026","status":"failed","statusDetails":"Element not found {by text: Create Pin Code}\nExpected: visible\nScreenshot: file:/home/runner/work/MonadScore/MonadScore/build/reports/tests/1753762591614.6.png\nPage source: file:/home/runner/work/MonadScore/MonadScore/build/reports/tests/1753762591614.6.html\nTimeout: 15 s.\nCaused by: NoSuchElementException: no such element: Unable to locate element: {\"method\":\"xpath\",\"selector\":\".//*/text()[normalize-space(translate(string(.), '","time":{"start":1753762572605,"stop":1753762591948,"duration":19343}},{"uid":"236f97382440e483","reportUrl":"https://Aloshya-QA.github.io/MonadScore/8//#testresult/236f97382440e483","status":"failed","statusDetails":"Element not found {by text: Create Pin Code}\nExpected: visible\nScreenshot: file:/home/runner/work/MonadScore/MonadScore/build/reports/tests/1753762275210.6.png\nPage source: file:/home/runner/work/MonadScore/MonadScore/build/reports/tests/1753762275210.6.html\nTimeout: 15 s.\nCaused by: NoSuchElementException: no such element: Unable to locate element: {\"method\":\"xpath\",\"selector\":\".//*/text()[normalize-space(translate(string(.), '","time":{"start":1753762255923,"stop":1753762275542,"duration":19619}}]},"tags":[]},"source":"c4360e361ebc708c.json","parameterValues":[]}